<?xml version="1.0" encoding="UTF-8"?>
<testng-results skipped="0" failed="0" total="1" passed="1">
  <reporter-output>
  </reporter-output>
  <suite name="Suite" duration-ms="47" started-at="2018-05-13T18:27:48Z" finished-at="2018-05-13T18:27:48Z">
    <groups>
    </groups>
    <test name="Test" duration-ms="47" started-at="2018-05-13T18:27:48Z" finished-at="2018-05-13T18:27:48Z">
      <class name="jennkinsDemo.JenkinsDemo">
        <test-method status="PASS" signature="gulu()[pri:0, instance:jennkinsDemo.JenkinsDemo@2d6d8735]" name="gulu" duration-ms="16" started-at="2018-05-13T23:57:48Z" finished-at="2018-05-13T23:57:48Z">
          <reporter-output>
          </reporter-output>
        </test-method> <!-- gulu -->
      </class> <!-- jennkinsDemo.JenkinsDemo -->
    </test> <!-- Test -->
  </suite> <!-- Suite -->
</testng-results>
